<?xml version="1.0" encoding="UTF-8"?>
<!-- Generated by org.testng.reporters.JUnitXMLReporter -->
<testsuite ignored="1" hostname="LAPTOP-DFRJVO58" failures="1" tests="2" name="Error Validations Test" time="10.777" errors="0" timestamp="2025-09-18T21:06:29 IST">
  <testcase classname="Apoorva.Tests.ErrorValidationsTest" name="LoginErrorValidation" time="0.559">
    <skipped/>
  </testcase> <!-- LoginErrorValidation -->
  <testcase classname="Apoorva.Tests.ErrorValidationsTest" name="LoginErrorValidation" time="0.629">
    <failure type="java.lang.AssertionError" message="expected [Login Successfully] but found [Incorrect email  password.]">
      <![CDATA[java.lang.AssertionError: expected [Login Successfully] but found [Incorrect email  password.]
at Apoorva.Tests.ErrorValidationsTest.LoginErrorValidation(ErrorValidationsTest.java:34)
at java.base/java.util.ArrayList.forEach(ArrayList.java:1511)
at java.base/java.util.concurrent.FutureTask.run(FutureTask.java:264)
at java.base/java.util.concurrent.ThreadPoolExecutor.runWorker(ThreadPoolExecutor.java:1136)
at java.base/java.util.concurrent.ThreadPoolExecutor$Worker.run(ThreadPoolExecutor.java:635)
at java.base/java.lang.Thread.run(Thread.java:833)
... Removed 23 stack frames]]>
    </failure>
  </testcase> <!-- LoginErrorValidation -->
  <testcase classname="Apoorva.Tests.ErrorValidationsTest" name="ProductErrorValidation" time="0.0">
    <ignored/>
  </testcase> <!-- ProductErrorValidation -->
</testsuite> <!-- Error Validations Test -->
